<?xml version="1.0" encoding="UTF-8"?>
<!-- Generated by org.testng.reporters.JUnitReportReporter -->
<testsuite skipped="0" hostname="DESKTOP-QIFEVD6" name="com.ozbargain.qa.testcases.HomePageTest" tests="2" failures="0" timestamp="2020-03-28T10:05:38 AEDT" time="5.367" errors="0">
  <testcase name="clickOnCarTest" time="0.461" classname="com.ozbargain.qa.testcases.HomePageTest"/>
  <testcase name="navigateToCarHirePage" time="4.906" classname="com.ozbargain.qa.testcases.HomePageTest"/>
</testsuite> <!-- com.ozbargain.qa.testcases.HomePageTest -->
