<?xml version="1.0" encoding="UTF-8"?>
<!-- Generated by org.testng.reporters.JUnitReportReporter -->
<testsuite skipped="0" hostname="DESKTOP-QIFEVD6" name="com.ozbargain.qa.testcases.LoginPageTest" tests="1" failures="0" timestamp="2020-02-15T22:18:44 AEDT" time="0.733" errors="0">
  <testcase name="loginPageTitleTest" time="0.733" classname="com.ozbargain.qa.testcases.LoginPageTest"/>
</testsuite> <!-- com.ozbargain.qa.testcases.LoginPageTest -->
